<?xml version="1.0" encoding="UTF-8"?>
<testsuite name="io.turntabl.RegisterTest" tests="1" skipped="0" failures="0" errors="0" timestamp="2019-11-04T11:57:41" hostname="ip-172-31-22-82" time="0.004">
  <properties/>
  <testcase name="countClientsByLevel" classname="io.turntabl.RegisterTest" time="0.004"/>
  <system-out><![CDATA[Gold
2
Platinum
1
Premium
1
]]></system-out>
  <system-err><![CDATA[]]></system-err>
</testsuite>
