<?xml version="1.0" encoding="UTF-8"?>
<testsuite name="io.turntabl.RegisterTest" tests="2" skipped="0" failures="0" errors="0" timestamp="2019-11-04T11:26:32" hostname="ip-172-31-22-82" time="0.003">
  <properties/>
  <testcase name="getNameByLevel" classname="io.turntabl.RegisterTest" time="0.003"/>
  <testcase name="listAllClients" classname="io.turntabl.RegisterTest" time="0.0"/>
  <system-out><![CDATA[]]></system-out>
  <system-err><![CDATA[]]></system-err>
</testsuite>
